Arguments: 
  /home/fellipe/.nvm/versions/node/v14.4.0/bin/node /home/fellipe/.nvm/versions/node/v14.4.0/bin/yarn add mongoose express connect-mongo express-session expression-handlebars dotenv method-override moment morgan passport passport-google-oauth20

PATH: 
  /home/fellipe/.nvm/versions/node/v14.4.0/bin:/usr/local/sbin:/usr/local/bin:/usr/sbin:/usr/bin:/sbin:/bin:/usr/games:/usr/local/games:/mnt/c/WINDOWS/system32:/mnt/c/WINDOWS:/mnt/c/WINDOWS/System32/Wbem:/mnt/c/WINDOWS/System32/WindowsPowerShell/v1.0/:/mnt/c/WINDOWS/System32/OpenSSH/:/mnt/c/Program Files/Docker/Docker/resources/bin:/mnt/c/ProgramData/DockerDesktop/version-bin:/mnt/c/Users/felli/AppData/Local/Microsoft/WindowsApps:/mnt/c/Users/felli/AppData/Local/Programs/Microsoft VS Code Insiders/bin:/home/fellipe/.fzf/bin

Yarn version: 
  1.22.4

Node version: 
  14.4.0

Platform: 
  linux x64

Trace: 
  Error: https://registry.yarnpkg.com/expression-handlebars: Not found
      at Request.params.callback [as _callback] (/home/fellipe/.nvm/versions/node/v14.4.0/lib/node_modules/yarn/lib/cli.js:66987:18)
      at Request.self.callback (/home/fellipe/.nvm/versions/node/v14.4.0/lib/node_modules/yarn/lib/cli.js:140748:22)
      at Request.emit (events.js:315:20)
      at Request.<anonymous> (/home/fellipe/.nvm/versions/node/v14.4.0/lib/node_modules/yarn/lib/cli.js:141720:10)
      at Request.emit (events.js:315:20)
      at IncomingMessage.<anonymous> (/home/fellipe/.nvm/versions/node/v14.4.0/lib/node_modules/yarn/lib/cli.js:141642:12)
      at Object.onceWrapper (events.js:421:28)
      at IncomingMessage.emit (events.js:327:22)
      at endReadableNT (_stream_readable.js:1224:12)
      at processTicksAndRejections (internal/process/task_queues.js:84:21)

npm manifest: 
  {
    "name": "Api-project",
    "version": "1.0.0",
    "main": "index.js",
    "license": "MIT"
  }

yarn manifest: 
  No manifest

Lockfile: 
  No lockfile
